<?xml version="1.0" encoding="UTF-8"?>
<testsuite xmlns:xsi="http://www.w3.org/2001/XMLSchema-instance" xsi:noNamespaceSchemaLocation="https://maven.apache.org/surefire/maven-surefire-plugin/xsd/surefire-test-report.xsd" version="3.0.2" name="com.test.TestRunnerClass" time="0.877" tests="5" errors="5" skipped="0" failures="0">
  <properties>
[...]
</properties>
  <testcase name="Login using DataTable" classname="Student Login" time="0.14">
    <error message="The step &apos;User enters login credentials&apos; is undefined.&#10;You can implement this step using the snippet(s) below:&#10;&#10;@Given(&quot;User enters login credentials&quot;)&#10;public void user_enters_login_credentials(io.cucumber.datatable.DataTable dataTable) {&#10;    // Write code here that turns the phrase above into concrete actions&#10;    // For automatic transformation, change DataTable to one of&#10;    // E, List&lt;E&gt;, List&lt;List&lt;E&gt;&gt;, List&lt;Map&lt;K,V&gt;&gt;, Map&lt;K,V&gt; or&#10;    // Map&lt;K, List&lt;V&gt;&gt;. E,K,V must be a String, Integer, Float,&#10;    // Double, Byte, Short, Long, BigInteger or BigDecimal.&#10;    //&#10;    // For other transformations you can register a DataTableType.&#10;    throw new io.cucumber.java.PendingException();&#10;}&#10;" type="io.cucumber.junit.UndefinedStepException"><![CDATA[io.cucumber.junit.UndefinedStepException: 
The step 'User enters login credentials' is undefined.
You can implement this step using the snippet(s) below:

@Given("User enters login credentials")
public void user_enters_login_credentials(io.cucumber.datatable.DataTable dataTable) {
    // Write code here that turns the phrase above into concrete actions
    // For automatic transformation, change DataTable to one of
    // E, List<E>, List<List<E>>, List<Map<K,V>>, Map<K,V> or
    // Map<K, List<V>>. E,K,V must be a String, Integer, Float,
    // Double, Byte, Short, Long, BigInteger or BigDecimal.
    //
    // For other transformations you can register a DataTableType.
    throw new io.cucumber.java.PendingException();
}

]]></error>
    <system-out><![CDATA[
&amp#27;[1mScenario:&amp#27;[22m Login using DataTable         &amp#27;[90m# src/test/resources/Feature%20File/datatable.feature:3&amp#27;[39m
  &amp#27;[33m■&amp#27;[39m &amp#27;[33m&amp#27;[1mGiven &amp#27;[22mUser enters login credentials&amp#27;[39m
      | username | password |
      | admin    | admin123 |
      | ram      | ram@123  |
      | sam      | sam@123  |
]]></system-out>
    <system-err><![CDATA[SLF4J(W): No SLF4J providers were found.
SLF4J(W): Defaulting to no-operation (NOP) logger implementation
SLF4J(W): See https://www.slf4j.org/codes.html#noProviders for further details.
]]></system-err>
  </testcase>
  <testcase name="Login using multiple users" classname="Facebook Login" time="0.01">
    <error message="The step &apos;User enters login credentials&apos; is undefined.&#10;You can implement this step using the snippet(s) below:&#10;&#10;@Given(&quot;User enters login credentials&quot;)&#10;public void user_enters_login_credentials(io.cucumber.datatable.DataTable dataTable) {&#10;    // Write code here that turns the phrase above into concrete actions&#10;    // For automatic transformation, change DataTable to one of&#10;    // E, List&lt;E&gt;, List&lt;List&lt;E&gt;&gt;, List&lt;Map&lt;K,V&gt;&gt;, Map&lt;K,V&gt; or&#10;    // Map&lt;K, List&lt;V&gt;&gt;. E,K,V must be a String, Integer, Float,&#10;    // Double, Byte, Short, Long, BigInteger or BigDecimal.&#10;    //&#10;    // For other transformations you can register a DataTableType.&#10;    throw new io.cucumber.java.PendingException();&#10;}&#10;" type="io.cucumber.junit.UndefinedStepException"><![CDATA[io.cucumber.junit.UndefinedStepException: 
The step 'User enters login credentials' is undefined.
You can implement this step using the snippet(s) below:

@Given("User enters login credentials")
public void user_enters_login_credentials(io.cucumber.datatable.DataTable dataTable) {
    // Write code here that turns the phrase above into concrete actions
    // For automatic transformation, change DataTable to one of
    // E, List<E>, List<List<E>>, List<Map<K,V>>, Map<K,V> or
    // Map<K, List<V>>. E,K,V must be a String, Integer, Float,
    // Double, Byte, Short, Long, BigInteger or BigDecimal.
    //
    // For other transformations you can register a DataTableType.
    throw new io.cucumber.java.PendingException();
}

]]></error>
    <system-out><![CDATA[
&amp#27;[1mScenario:&amp#27;[22m Login using multiple users    &amp#27;[90m# src/test/resources/Feature%20File/datatablereal.feature:3&amp#27;[39m
  &amp#27;[33m■&amp#27;[39m &amp#27;[33m&amp#27;[1mGiven &amp#27;[22mUser enters login credentials&amp#27;[39m
      | username        | password |
      | admin@gmail.com | admin123 |
      | ram@gmail.com   | ram@123  |
      | sam@gmail.com   | sam@123  |
]]></system-out>
  </testcase>
  <testcase name="Validation of facebook login Page Using Invalid Username and Invalid Password" classname="Validate the facebook login Page" time="0.011">
    <error message="The step &apos;User Enters the facebook url through Chrome browser&apos; and 3 other step(s) are undefined.&#10;You can implement these steps using the snippet(s) below:&#10;&#10;@Given(&quot;User Enters the facebook url through Chrome browser&quot;)&#10;public void user_enters_the_facebook_url_through_chrome_browser() {&#10;    // Write code here that turns the phrase above into concrete actions&#10;    throw new io.cucumber.java.PendingException();&#10;}&#10;@When(&quot;User Enters the invalid username and invalid password&quot;)&#10;public void user_enters_the_invalid_username_and_invalid_password() {&#10;    // Write code here that turns the phrase above into concrete actions&#10;    throw new io.cucumber.java.PendingException();&#10;}&#10;@When(&quot;User Clicks on the Login Button&quot;)&#10;public void user_clicks_on_the_login_button() {&#10;    // Write code here that turns the phrase above into concrete actions&#10;    throw new io.cucumber.java.PendingException();&#10;}&#10;@Then(&quot;User Validates the error Message&quot;)&#10;public void user_validates_the_error_message() {&#10;    // Write code here that turns the phrase above into concrete actions&#10;    throw new io.cucumber.java.PendingException();&#10;}&#10;" type="io.cucumber.junit.UndefinedStepException"><![CDATA[io.cucumber.junit.UndefinedStepException: 
The step 'User Enters the facebook url through Chrome browser' and 3 other step(s) are undefined.
You can implement these steps using the snippet(s) below:

@Given("User Enters the facebook url through Chrome browser")
public void user_enters_the_facebook_url_through_chrome_browser() {
    // Write code here that turns the phrase above into concrete actions
    throw new io.cucumber.java.PendingException();
}
@When("User Enters the invalid username and invalid password")
public void user_enters_the_invalid_username_and_invalid_password() {
    // Write code here that turns the phrase above into concrete actions
    throw new io.cucumber.java.PendingException();
}
@When("User Clicks on the Login Button")
public void user_clicks_on_the_login_button() {
    // Write code here that turns the phrase above into concrete actions
    throw new io.cucumber.java.PendingException();
}
@Then("User Validates the error Message")
public void user_validates_the_error_message() {
    // Write code here that turns the phrase above into concrete actions
    throw new io.cucumber.java.PendingException();
}

]]></error>
    <system-out><![CDATA[
&amp#27;[1mScenario:&amp#27;[22m Validation of facebook login Page Using Invalid Username and Invalid Password &amp#27;[90m# src/test/resources/Feature%20File/loginn.feature:5&amp#27;[39m
  &amp#27;[33m■&amp#27;[39m &amp#27;[33m&amp#27;[1mGiven &amp#27;[22mUser Enters the facebook url through Chrome browser&amp#27;[39m
  &amp#27;[36m↷&amp#27;[39m &amp#27;[36m&amp#27;[1mWhen &amp#27;[22mUser Enters the invalid username and invalid password&amp#27;[39m
  &amp#27;[36m↷&amp#27;[39m &amp#27;[36m&amp#27;[1mAnd &amp#27;[22mUser Clicks on the Login Button&amp#27;[39m
  &amp#27;[36m↷&amp#27;[39m &amp#27;[36m&amp#27;[1mThen &amp#27;[22mUser Validates the error Message&amp#27;[39m
]]></system-out>
  </testcase>
  <testcase name="Validation of facebook login Page Using valid Username and invalid Password" classname="Validate the facebook login Page" time="0.007">
    <error message="The step &apos;User Enters the facebook url through Chrome browser&apos; and 3 other step(s) are undefined.&#10;You can implement these steps using the snippet(s) below:&#10;&#10;@Given(&quot;User Enters the facebook url through Chrome browser&quot;)&#10;public void user_enters_the_facebook_url_through_chrome_browser() {&#10;    // Write code here that turns the phrase above into concrete actions&#10;    throw new io.cucumber.java.PendingException();&#10;}&#10;@When(&quot;User Enters the valid username and invalid password&quot;)&#10;public void user_enters_the_valid_username_and_invalid_password() {&#10;    // Write code here that turns the phrase above into concrete actions&#10;    throw new io.cucumber.java.PendingException();&#10;}&#10;@When(&quot;User Clicks on the Login Button&quot;)&#10;public void user_clicks_on_the_login_button() {&#10;    // Write code here that turns the phrase above into concrete actions&#10;    throw new io.cucumber.java.PendingException();&#10;}&#10;@Then(&quot;User Validates the error Message&quot;)&#10;public void user_validates_the_error_message() {&#10;    // Write code here that turns the phrase above into concrete actions&#10;    throw new io.cucumber.java.PendingException();&#10;}&#10;" type="io.cucumber.junit.UndefinedStepException"><![CDATA[io.cucumber.junit.UndefinedStepException: 
The step 'User Enters the facebook url through Chrome browser' and 3 other step(s) are undefined.
You can implement these steps using the snippet(s) below:

@Given("User Enters the facebook url through Chrome browser")
public void user_enters_the_facebook_url_through_chrome_browser() {
    // Write code here that turns the phrase above into concrete actions
    throw new io.cucumber.java.PendingException();
}
@When("User Enters the valid username and invalid password")
public void user_enters_the_valid_username_and_invalid_password() {
    // Write code here that turns the phrase above into concrete actions
    throw new io.cucumber.java.PendingException();
}
@When("User Clicks on the Login Button")
public void user_clicks_on_the_login_button() {
    // Write code here that turns the phrase above into concrete actions
    throw new io.cucumber.java.PendingException();
}
@Then("User Validates the error Message")
public void user_validates_the_error_message() {
    // Write code here that turns the phrase above into concrete actions
    throw new io.cucumber.java.PendingException();
}

]]></error>
    <system-out><![CDATA[
&amp#27;[1mScenario:&amp#27;[22m Validation of facebook login Page Using valid Username and invalid Password &amp#27;[90m# src/test/resources/Feature%20File/loginn.feature:9&amp#27;[39m
  &amp#27;[33m■&amp#27;[39m &amp#27;[33m&amp#27;[1mGiven &amp#27;[22mUser Enters the facebook url through Chrome browser&amp#27;[39m
  &amp#27;[36m↷&amp#27;[39m &amp#27;[36m&amp#27;[1mWhen &amp#27;[22mUser Enters the valid username and invalid password&amp#27;[39m
  &amp#27;[36m↷&amp#27;[39m &amp#27;[36m&amp#27;[1mAnd &amp#27;[22mUser Clicks on the Login Button&amp#27;[39m
  &amp#27;[36m↷&amp#27;[39m &amp#27;[36m&amp#27;[1mThen &amp#27;[22mUser Validates the error Message&amp#27;[39m
]]></system-out>
  </testcase>
  <testcase name="Validation of facebook login Page Using Invalid Username and valid Password" classname="Validate the facebook login Page" time="0.01">
    <error message="The step &apos;User Enters the facebook url through Chrome browser&apos; and 3 other step(s) are undefined.&#10;You can implement these steps using the snippet(s) below:&#10;&#10;@Given(&quot;User Enters the facebook url through Chrome browser&quot;)&#10;public void user_enters_the_facebook_url_through_chrome_browser() {&#10;    // Write code here that turns the phrase above into concrete actions&#10;    throw new io.cucumber.java.PendingException();&#10;}&#10;@When(&quot;User Enters the invalid username and valid password&quot;)&#10;public void user_enters_the_invalid_username_and_valid_password() {&#10;    // Write code here that turns the phrase above into concrete actions&#10;    throw new io.cucumber.java.PendingException();&#10;}&#10;@When(&quot;User Clicks on the Login Button&quot;)&#10;public void user_clicks_on_the_login_button() {&#10;    // Write code here that turns the phrase above into concrete actions&#10;    throw new io.cucumber.java.PendingException();&#10;}&#10;@Then(&quot;User Validates the error Message&quot;)&#10;public void user_validates_the_error_message() {&#10;    // Write code here that turns the phrase above into concrete actions&#10;    throw new io.cucumber.java.PendingException();&#10;}&#10;" type="io.cucumber.junit.UndefinedStepException"><![CDATA[io.cucumber.junit.UndefinedStepException: 
The step 'User Enters the facebook url through Chrome browser' and 3 other step(s) are undefined.
You can implement these steps using the snippet(s) below:

@Given("User Enters the facebook url through Chrome browser")
public void user_enters_the_facebook_url_through_chrome_browser() {
    // Write code here that turns the phrase above into concrete actions
    throw new io.cucumber.java.PendingException();
}
@When("User Enters the invalid username and valid password")
public void user_enters_the_invalid_username_and_valid_password() {
    // Write code here that turns the phrase above into concrete actions
    throw new io.cucumber.java.PendingException();
}
@When("User Clicks on the Login Button")
public void user_clicks_on_the_login_button() {
    // Write code here that turns the phrase above into concrete actions
    throw new io.cucumber.java.PendingException();
}
@Then("User Validates the error Message")
public void user_validates_the_error_message() {
    // Write code here that turns the phrase above into concrete actions
    throw new io.cucumber.java.PendingException();
}

]]></error>
    <system-out><![CDATA[
&amp#27;[1mScenario:&amp#27;[22m Validation of facebook login Page Using Invalid Username and valid Password &amp#27;[90m# src/test/resources/Feature%20File/loginn.feature:13&amp#27;[39m
  &amp#27;[33m■&amp#27;[39m &amp#27;[33m&amp#27;[1mGiven &amp#27;[22mUser Enters the facebook url through Chrome browser&amp#27;[39m
  &amp#27;[36m↷&amp#27;[39m &amp#27;[36m&amp#27;[1mWhen &amp#27;[22mUser Enters the invalid username and valid password&amp#27;[39m
  &amp#27;[36m↷&amp#27;[39m &amp#27;[36m&amp#27;[1mAnd &amp#27;[22mUser Clicks on the Login Button&amp#27;[39m
  &amp#27;[36m↷&amp#27;[39m &amp#27;[36m&amp#27;[1mThen &amp#27;[22mUser Validates the error Message&amp#27;[39m
]]></system-out>
  </testcase>
</testsuite>